[debug] [2021-03-19T15:22:01.322Z] ----------------------------------------------------------------------
[debug] [2021-03-19T15:22:01.324Z] Command:       C:\Program Files\nodejs\node.exe C:\Users\sarth\AppData\Roaming\npm\node_modules\firebase-tools\lib\bin\firebase.js init
[debug] [2021-03-19T15:22:01.325Z] CLI Version:   9.6.1
[debug] [2021-03-19T15:22:01.325Z] Platform:      win32
[debug] [2021-03-19T15:22:01.325Z] Node Version:  v14.16.0
[debug] [2021-03-19T15:22:01.326Z] Time:          Fri Mar 19 2021 20:52:01 GMT+0530 (India Standard Time)
[debug] [2021-03-19T15:22:01.326Z] ----------------------------------------------------------------------
[debug] [2021-03-19T15:22:01.326Z] 
[debug] [2021-03-19T15:22:01.332Z] > command requires scopes: ["email","openid","https://www.googleapis.com/auth/cloudplatformprojects.readonly","https://www.googleapis.com/auth/firebase","https://www.googleapis.com/auth/cloud-platform"]
[debug] [2021-03-19T15:22:01.332Z] > authorizing via signed-in user
[info] 
     ######## #### ########  ######## ########     ###     ######  ########
     ##        ##  ##     ## ##       ##     ##  ##   ##  ##       ##
     ######    ##  ########  ######   ########  #########  ######  ######
     ##        ##  ##    ##  ##       ##     ## ##     ##       ## ##
     ##       #### ##     ## ######## ########  ##     ##  ######  ########

You're about to initialize a Firebase project in this directory:

  C:\Users\sarth\Desktop\whatsapp-clone

Before we get started, keep in mind:

  * You are initializing in an existing Firebase project directory

[info] 
=== Project Setup
[info] 
[info] First, let's associate this project directory with a Firebase project.
[info] You can create multiple project aliases by running firebase use --add, 
[info] but for now we'll just set up a default project.
[info] 
[info] i  .firebaserc already has a default project, using whatsapp-clone-b69df. 
[debug] [2021-03-19T15:22:08.231Z] >>> [apiv2][query] GET https://firebase.googleapis.com/v1beta1/projects/whatsapp-clone-b69df [none]
[debug] [2021-03-19T15:22:09.249Z] <<< [apiv2][status] GET https://firebase.googleapis.com/v1beta1/projects/whatsapp-clone-b69df 200
[debug] [2021-03-19T15:22:09.249Z] <<< [apiv2][body] GET https://firebase.googleapis.com/v1beta1/projects/whatsapp-clone-b69df {"projectId":"whatsapp-clone-b69df","projectNumber":"970830491131","displayName":"Whatsapp-clone","name":"projects/whatsapp-clone-b69df","resources":{"hostingSite":"whatsapp-clone-b69df","storageBucket":"whatsapp-clone-b69df.appspot.com","locationId":"us-central"},"state":"ACTIVE"}
[info] 
=== Hosting Setup
[info] 
[info] Your public directory is the folder (relative to your project directory) that
[info] will contain Hosting assets to be uploaded with firebase deploy. If you
[info] have a build process for your assets, use your build's output directory.
[info] 
[debug] [2021-03-19T15:22:17.708Z] >>> [apiv2][query] GET https://www.gstatic.com/firebasejs/releases.json [none]
[debug] [2021-03-19T15:22:18.084Z] <<< [apiv2][status] GET https://www.gstatic.com/firebasejs/releases.json 200
[debug] [2021-03-19T15:22:18.085Z] <<< [apiv2][body] GET https://www.gstatic.com/firebasejs/releases.json {"current":{"version":"8.3.1","browserURL":"https://www.gstatic.com/firebasejs/8.3.1/firebase.js","packageURL":"https://www.gstatic.com/firebasejs/8.3.1/firebase.tgz"},"live":{"version":"8.3","browserURL":"https://www.gstatic.com/firebasejs/live/8.3/firebase.js","packageURL":"https://www.gstatic.com/firebasejs/live/8.3/firebase.tgz"},"components":{"analytics":"https://www.gstatic.com/firebasejs/8.3.1/firebase-analytics.js","app":"https://www.gstatic.com/firebasejs/8.3.1/firebase-app.js","auth":"https://www.gstatic.com/firebasejs/8.3.1/firebase-auth.js","database":"https://www.gstatic.com/firebasejs/8.3.1/firebase-database.js","firestore":"https://www.gstatic.com/firebasejs/8.3.1/firebase-firestore.js","functions":"https://www.gstatic.com/firebasejs/8.3.1/firebase-functions.js","installations":"https://www.gstatic.com/firebasejs/8.3.1/firebase-installations.js","messaging":"https://www.gstatic.com/firebasejs/8.3.1/firebase-messaging.js","storage":"https://www.gstatic.com/firebasejs/8.3.1/firebase-storage.js","performance":"https://www.gstatic.com/firebasejs/8.3.1/firebase-performance.js","remote-config":"https://www.gstatic.com/firebasejs/8.3.1/firebase-remote-config.js","firestore.memory":"https://www.gstatic.com/firebasejs/8.3.1/firebase-firestore.memory.js"}}
[info] +  Wrote build/index.html 
[info] 
[info] i  Detected a .git folder at C:\Users\sarth\Desktop\whatsapp-clone 
[info] i  Authorizing with GitHub to upload your service account to a GitHub repository's secrets store. 
[info] 
[info] Visit this URL on this device to log in:
[info] https://github.com/login/oauth/authorize?client_id=89cf50f02ac6aaed3484&state=502145813&redirect_uri=http%3A%2F%2Flocalhost%3A9005&scope=read%3Auser%20repo%20public_repo
[info] 
[info] Waiting for authentication...
